Arguments: 
  C:\Program Files\nodejs\node.exe C:\Users\Tsehla\AppData\Roaming\npm\node_modules\yarn\bin\yarn.js add puppeteer-extra-plugin-user-preferences

PATH: 
  C:\WINDOWS\system32;C:\WINDOWS;C:\WINDOWS\System32\Wbem;C:\WINDOWS\System32\WindowsPowerShell\v1.0\;C:\WINDOWS\System32\OpenSSH\;C:\Program Files\nodejs\;C:\Program Files\Git\cmd;C:\Program Files\PuTTY\;C:\Program Files\Docker\Docker\resources\bin;C:\Users\Tsehla\AppData\Local\Microsoft\WindowsApps;C:\Users\Tsehla\AppData\Roaming\npm;C:\Users\Tsehla\AppData\Local\Programs\Microsoft VS Code\bin

Yarn version: 
  1.22.19

Node version: 
  16.13.0

Platform: 
  win32 x64

Trace: 
  Error: connect ENETUNREACH 104.16.25.34:443
      at TCPConnectWrap.afterConnect [as oncomplete] (node:net:1161:16)

npm manifest: 
  {
    "name": "books-links",
    "version": "1.0.0",
    "description": "",
    "main": "index.js",
    "scripts": {
      "test": "echo \"Error: no test specified\" && exit 1"
    },
    "author": "",
    "license": "ISC",
    "dependencies": {
      "axios": "^1.4.0",
      "express": "^4.18.2",
      "jsdom": "^22.1.0",
      "puppeteer": "^20.9.0",
      "puppeteer-extra": "^3.3.6"
    }
  }

yarn manifest: 
  No manifest

Lockfile: 
  No lockfile
